<?xml version="1.0" encoding="UTF-8"?>
<!-- Generated by org.testng.reporters.JUnitXMLReporter -->
<testsuite hostname="ITIN000156-MAC" ignored="0" name="Default test" tests="3" failures="0" timestamp="16 Mar 2020 05:48:06 GMT" time="19.868" errors="0">
  <testcase name="search" time="6.814" classname="test.java.com.Zest.project.testCases.compareTest"/>
  <testcase name="search2" time="11.086" classname="test.java.com.Zest.project.testCases.compareTest"/>
  <testcase name="compare" time="0.001" classname="test.java.com.Zest.project.testCases.compareTest"/>
</testsuite> <!-- Default test -->
