<?xml version="1.0" encoding="UTF-8"?>
<testng-results skipped="0" failed="0" ignored="0" total="3" passed="3">
  <reporter-output>
  </reporter-output>
  <suite name="Default suite" duration-ms="13513" started-at="2020-03-15T14:52:01Z" finished-at="2020-03-15T14:52:15Z">
    <groups>
    </groups>
    <test name="Default test" duration-ms="13513" started-at="2020-03-15T14:52:01Z" finished-at="2020-03-15T14:52:15Z">
      <class name="com.web.test.compareTest">
        <test-method status="PASS" signature="setUp()[pri:0, instance:com.web.test.compareTest@53b32d7]" name="setUp" is-config="true" duration-ms="1640" started-at="2020-03-15T14:52:01Z" finished-at="2020-03-15T14:52:03Z">
          <reporter-output>
          </reporter-output>
        </test-method> <!-- setUp -->
        <test-method status="PASS" signature="search()[pri:1, instance:com.web.test.compareTest@53b32d7]" name="search" duration-ms="5733" started-at="2020-03-15T14:52:03Z" finished-at="2020-03-15T14:52:08Z">
          <reporter-output>
          </reporter-output>
        </test-method> <!-- search -->
        <test-method status="PASS" signature="search2()[pri:2, instance:com.web.test.compareTest@53b32d7]" name="search2" duration-ms="5976" started-at="2020-03-15T14:52:08Z" finished-at="2020-03-15T14:52:14Z">
          <reporter-output>
          </reporter-output>
        </test-method> <!-- search2 -->
        <test-method status="PASS" signature="compare()[pri:3, instance:com.web.test.compareTest@53b32d7]" name="compare" duration-ms="1" started-at="2020-03-15T14:52:14Z" depends-on-methods="com.web.test.compareTest.search, com.web.test.compareTest.search2" finished-at="2020-03-15T14:52:14Z">
          <reporter-output>
          </reporter-output>
        </test-method> <!-- compare -->
        <test-method status="PASS" signature="close()[pri:0, instance:com.web.test.compareTest@53b32d7]" name="close" is-config="true" duration-ms="145" started-at="2020-03-15T14:52:14Z" finished-at="2020-03-15T14:52:15Z">
          <reporter-output>
          </reporter-output>
        </test-method> <!-- close -->
      </class> <!-- com.web.test.compareTest -->
    </test> <!-- Default test -->
  </suite> <!-- Default suite -->
</testng-results>
