<?xml version="1.0" encoding="UTF-8"?>
<testng-results skipped="0" failed="0" ignored="0" total="3" passed="3">
  <reporter-output>
  </reporter-output>
  <suite name="Default suite" duration-ms="19868" started-at="2020-03-16T05:47:46Z" finished-at="2020-03-16T05:48:06Z">
    <groups>
    </groups>
    <test name="Default test" duration-ms="19868" started-at="2020-03-16T05:47:46Z" finished-at="2020-03-16T05:48:06Z">
      <class name="test.java.com.Zest.project.testCases.compareTest">
        <test-method status="PASS" signature="setUp()[pri:0, instance:test.java.com.Zest.project.testCases.compareTest@13deb50e]" name="setUp" is-config="true" duration-ms="1791" started-at="2020-03-16T05:47:46Z" finished-at="2020-03-16T05:47:47Z">
          <reporter-output>
          </reporter-output>
        </test-method> <!-- setUp -->
        <test-method status="PASS" signature="search()[pri:1, instance:test.java.com.Zest.project.testCases.compareTest@13deb50e]" name="search" duration-ms="6814" started-at="2020-03-16T05:47:47Z" finished-at="2020-03-16T05:47:54Z">
          <reporter-output>
          </reporter-output>
        </test-method> <!-- search -->
        <test-method status="PASS" signature="search2()[pri:2, instance:test.java.com.Zest.project.testCases.compareTest@13deb50e]" name="search2" duration-ms="11086" started-at="2020-03-16T05:47:54Z" finished-at="2020-03-16T05:48:05Z">
          <reporter-output>
          </reporter-output>
        </test-method> <!-- search2 -->
        <test-method status="PASS" signature="compare()[pri:3, instance:test.java.com.Zest.project.testCases.compareTest@13deb50e]" name="compare" duration-ms="1" started-at="2020-03-16T05:48:05Z" depends-on-methods="test.java.com.Zest.project.testCases.compareTest.search, test.java.com.Zest.project.testCases.compareTest.search2" finished-at="2020-03-16T05:48:05Z">
          <reporter-output>
          </reporter-output>
        </test-method> <!-- compare -->
        <test-method status="PASS" signature="close()[pri:0, instance:test.java.com.Zest.project.testCases.compareTest@13deb50e]" name="close" is-config="true" duration-ms="154" started-at="2020-03-16T05:48:05Z" finished-at="2020-03-16T05:48:06Z">
          <reporter-output>
          </reporter-output>
        </test-method> <!-- close -->
      </class> <!-- test.java.com.Zest.project.testCases.compareTest -->
    </test> <!-- Default test -->
  </suite> <!-- Default suite -->
</testng-results>
